TN:
SF:src\app.ts
FN:35,sum
FN:39,isEven
FN:43,divide
FN:50,multiply
FN:54,concatenate
FN:62,isPrime
FNF:6
FNH:5
FNDA:2,sum
FNDA:2,isEven
FNDA:3,divide
FNDA:3,multiply
FNDA:3,concatenate
FNDA:0,isPrime
DA:1,1
DA:2,1
DA:3,1
DA:4,1
DA:5,1
DA:6,1
DA:7,1
DA:8,1
DA:9,1
DA:10,1
DA:11,1
DA:12,1
DA:13,1
DA:14,1
DA:15,1
DA:16,1
DA:17,1
DA:18,1
DA:19,1
DA:20,1
DA:21,1
DA:22,1
DA:23,1
DA:24,1
DA:25,1
DA:26,1
DA:27,1
DA:28,1
DA:29,1
DA:30,1
DA:31,1
DA:32,1
DA:33,1
DA:34,1
DA:35,2
DA:36,2
DA:37,2
DA:38,1
DA:39,2
DA:40,2
DA:41,2
DA:42,1
DA:43,3
DA:44,3
DA:45,1
DA:46,1
DA:47,2
DA:48,2
DA:49,1
DA:50,3
DA:51,3
DA:52,3
DA:53,1
DA:54,3
DA:55,3
DA:56,2
DA:57,2
DA:58,1
DA:59,1
DA:60,1
DA:61,1
DA:62,0
DA:63,0
DA:64,0
DA:65,0
DA:66,0
DA:67,0
DA:68,0
DA:69,0
DA:70,0
DA:71,0
DA:72,0
DA:73,0
DA:74,0
DA:75,0
DA:76,0
DA:77,0
DA:78,0
DA:79,0
DA:80,0
DA:81,0
LF:81
LH:61
BRDA:35,0,0,2
BRDA:39,1,0,2
BRDA:43,2,0,3
BRDA:44,3,0,1
BRDA:47,4,0,2
BRDA:50,5,0,3
BRDA:54,6,0,3
BRDA:55,7,0,2
BRDA:55,8,0,2
BRDA:58,9,0,1
BRF:10
BRH:10
end_of_record
